%!Adobe-FontList 1.22
%Locale:0x409

%BeginFont
Handler:DirectoryHandler
FontType:Invalid
OutlineFileName:/Users/so/Desktop/Typemade/TypeDesign/FB/Roboto/Roboto-Flex-TN/docs/proof-RobotoFlex/opsz144/RobotoFlex-opsz144-proofs-glyphs&spacing-48 Folder/Document fonts/AdobeFnt22.lst
FileLength:664
FileModTime:647829977
%EndFont

%BeginFont
Handler:DirectoryHandler
FontType:TrueType
FontName:RobotoFlex-Regular
FamilyName:RobotoFlex
StyleName:Regular
MenuName:RobotoFlex
FamilyPrefix:RobotoFlex
StyleBits:0
WeightClass:400
WidthClass:5
AngleClass:0
FullName:RobotoFlex Regular
WritingScript:Roman
OutlineFileName:/Users/so/Desktop/Typemade/TypeDesign/FB/Roboto/Roboto-Flex-TN/docs/proof-RobotoFlex/opsz144/RobotoFlex-opsz144-proofs-glyphs&spacing-48 Folder/Document fonts/RobotoFlex[slnt,wdth,wght,opsz].ttf
DataFormat:sfntData
hasSVG:no
VariableFontType:TrueTypeVariableFont
FileLength:1283332
FileModTime:647757066
NameArray:0,Win,1,RobotoFlex
%EndFont

